<?xml version="1.0" encoding="UTF-8"?>
<!-- Generated by org.testng.reporters.JUnitReportReporter -->
<testsuite name="com.learnautomation.testcases.LoginTestCRM" tests="2" time="17.825" ignored="0" failures="0" timestamp="20 Jan 2023 14:49:36 GMT" skipped="0" hostname="DESKTOP-D8BRE49" errors="0">
  <testcase name="logoutApp" time="0.755" classname="com.learnautomation.testcases.LoginTestCRM"/>
  <testcase name="loginApp" time="17.070" classname="com.learnautomation.testcases.LoginTestCRM"/>
</testsuite> <!-- com.learnautomation.testcases.LoginTestCRM -->
